4050B0790033E9E20003130D98181F2561113C4C61120952611209540053F9650303EFFD0167650007D0E603DE0100000000000007D007D000
4050A7990033E9E30003130D98181F25611207C1611207C1611207C10053ED2E030408460145020007D0F3000801001A0000000007D007D000
405073B20033E9E40003130D98181F25611208EC611208ED611208ED00541A8203045CDB0154020007D11200080100340000000007D007D000
40505E150033E9E50003130D98181F2561120A1861120A1961120A1900532A2903049F9100E7020007D15B00090100650000000007D007D000
405071670033E9E60003130D98181F2561120B4361120B4561120B4500518179030429AF00F0020007D1B000090100680000000007D007D000
40505D980033E9E70003130D98181F2561120C7161120C7161120C71005044EB0303DAB100CD020007D1F600090100240000000007D007D000
40505E5E0033E9E80003130D98181F2561120D9C61120D9D61120D9D004FCD9A0303807900E9020007D21E000A0100440000000007D007D000
4050969E0033E9E90003130D98181F2561120EC961120EC961120EC9004F896403031EC2014D020007D24400090100000000000007D007D000
40500D770033E9EA0003130D98181F2561120EED61120EED61120EED004F891903031E86014D660007D24400090000000000000007D007D000
4050B5DD0033E9EC0003130D98181F2561122B0D6112465B6112461E004F893B03031E7F014D650007D24403DE0100000000000007D007D000
4050E9860033E9ED0003130D98181F256112467B6112467A6112467A004F8C8303031FD00025660007D24700070000000000000007D007D000
405093B90033E9EF0003130D98181F25611246E4611246E5611246E7004F8BFF03031FC70025650007D247000D0100060000000007D007D000
4050F2F60033E9F00003130D98181F25611246EB611246EB611246EB004F8C1303031FF90025660007D24700080000000000000007D007D000
4050B3730033E9F20003130D98181F2561124727611256D0611256D3004F8C7503031FF10025650007D24703DE0100000000000007D007D000
40509EFA0033E9F30003130D98181F256112569C6112569C6112569C004F8C3303031FD50025660007D24700090000000000000007D007D000
4050FE2D0033E9F60003130D98181F2561125C2E61125C3061125C30004F8C2503031FEC0025020007D24700090000000000000007D007D000
4050E9C50033E9F80003130D98181F2561125C6B61125EE461125EE7004F8C2503031FEC0025650007D24703DE0100000000000007D007D000
4050459E0033E9F90003130D98181F2561125EEA61125EE961125EE9004F8BB603031FD80025660007D24700090000000000000007D007D000
405056BA0033E9FB0003130D98181F2561125F5461125F5661125F57004F8BC503031FBA004F650007D247000E0100090000000007D007D000
4050C8EB0033E9FC0003130D98181F2561125F6861125F6761125F67004F8C9303032012004F660007D24700090000000000000007D007D000
40506EED0033E9FE0003130D98181F2561125FA46112660A611265F4004F8CBB03032015004F650007D247000A0100000000000007D007D000
405060B70033E9FF0003130D98181F2561126600611265FF611265FF004F8CA403031FC9004F660007D24700080000000000000007D007D000
405032500033EA010003130D98181F25611266516112665261126654004F8C1903031FA3004F650007D247000A0100020000000007D007D000
405049CF0033EA020003130D98181F256112677D6112677E6112677E004FADDF0303413600BB020007D25B00080100300000000007D007D000
405075160033EA030003130D98181F25611268A9611268AA611268AA004F890C03031ED90138020007D26E00080100000000000007D007D000
405041AB0033EA040003130D98181F25611269D5611269D6611269D6004F890C03031ED90138020007D26E00080100000000000007D007D000
405033C50033EA050003130D98181F2561126B0161126B0261126B02004F890C03031ED90138020007D26E00090100000000000007D007D000
40504F4B0033EA060003130D98181F2561126C2D61126C2E61126C2E004FA294030319C30073020007D27500080100000000000007D007D000
4050F2BB0033EA070003130D98181F2561126D5961126D5A61126D5A004FD7F9030391810146020007D29A000A01002A0000000007D007D000
40507ACC0033EA080003130D98181F2561126E8561126E8661126E86005052240303EA2D0051020007D2C3000C0100370000000007D007D000
405051470033EA090003130D98181F2561126FB161126FB261126FB2005219B503044DF70048020007D31B000B01006F0000000007D007D000
40505F7E0033EA0B0003130D98181F25611270DD611270DE611270DE0052FDF803042B4C0087020007D35B000A01000E0000000007D007D000
4050CFD40033EA0C0003130D98181F25611272096112720A6112720A00531F290303F61300E8020007D38A000A0100460000000007D007D000
40504DA90033EA0D0003130D98181F256112733561127336611273360052906E030404180016020007D3AC000A0100000000000007D007D000
4050C0850033EA0E0003130D98181F256112746161127462611274620052915403040F9F0013020007D3B0000A0100000000000007D007D000
40504F970033EA0F0003130D98181F25611275176112751861127518005292F2030412E700CA660007D3B100090000000000000007D007D000
